<?xml version="1.0" encoding="UTF-8"?>
<!-- Generated by org.testng.reporters.JUnitReportReporter -->
<testsuite skipped="0" hostname="DESKTOP-I0JO520" name="TestCases.CreateAccountTest" tests="2" failures="0" timestamp="29 Mar 2021 09:42:05 GMT" time="1.242" errors="0">
  <testcase name="createAccount" time="0.351" classname="TestCases.CreateAccountTest"/>
  <testcase name="createAccount" time="0.891" classname="TestCases.CreateAccountTest"/>
</testsuite> <!-- TestCases.CreateAccountTest -->
