<?xml version="1.0" encoding="UTF-8"?>
<!-- Generated by org.testng.reporters.JUnitReportReporter -->
<testsuite skipped="0" hostname="DESKTOP-I0JO520" name="TestCases.AddCustomer" tests="2" failures="0" timestamp="29 Mar 2021 09:42:05 GMT" time="1.633" errors="0">
  <testcase name="addCustomer" time="0.956" classname="TestCases.AddCustomer"/>
  <testcase name="addCustomer" time="0.677" classname="TestCases.AddCustomer"/>
</testsuite> <!-- TestCases.AddCustomer -->
