<?xml version="1.0" encoding="UTF-8"?>
<!-- Generated by org.testng.reporters.JUnitReportReporter -->
<testsuite skipped="0" hostname="DESKTOP-I0JO520" name="TestCases.BankManagerLogin" tests="1" failures="0" timestamp="29 Mar 2021 09:42:05 GMT" time="0.170" errors="0">
  <testcase name="bMgrLogin" time="0.170" classname="TestCases.BankManagerLogin"/>
</testsuite> <!-- TestCases.BankManagerLogin -->
