<?xml version="1.0" encoding="UTF-8"?>
<!-- Generated by org.testng.reporters.JUnitReportReporter -->
<testsuite skipped="0" hostname="DESKTOP-I0JO520" name="TestCases.BankManagerLogin" tests="1" failures="0" timestamp="2021-04-16T21:04:56 IST" time="0.410" errors="0">
  <testcase name="bMgrLogin" time="0.410" classname="TestCases.BankManagerLogin"/>
  <system-out/>
</testsuite> <!-- TestCases.BankManagerLogin -->
