<?xml version="1.0" encoding="UTF-8"?>
<!-- Generated by org.testng.reporters.JUnitReportReporter -->
<testsuite skipped="0" hostname="DESKTOP-I0JO520" name="TestCases.AddCustomer" tests="2" failures="0" timestamp="2021-04-16T21:04:56 IST" time="1.819" errors="0">
  <testcase name="addCustomer" time="0.614" classname="TestCases.AddCustomer"/>
  <system-out/>
  <testcase name="addCustomer" time="1.205" classname="TestCases.AddCustomer"/>
  <system-out/>
</testsuite> <!-- TestCases.AddCustomer -->
