<?xml version="1.0" encoding="UTF-8"?>
<!-- Generated by org.testng.reporters.JUnitReportReporter -->
<testsuite skipped="0" hostname="DESKTOP-I0JO520" name="TestCases.CreateAccountTest" tests="2" failures="0" timestamp="2021-04-16T21:04:56 IST" time="1.124" errors="0">
  <testcase name="createAccount" time="0.779" classname="TestCases.CreateAccountTest"/>
  <system-out/>
  <testcase name="createAccount" time="0.345" classname="TestCases.CreateAccountTest"/>
  <system-out/>
</testsuite> <!-- TestCases.CreateAccountTest -->
